<?xml version="1.0" encoding="UTF-8"?>
<!-- Generated by org.testng.reporters.JUnitReportReporter -->
<testsuite hostname="WLAP-93" failures="0" tests="3" name="com.waitlist.testCases.TC_LoginTest_002_DataDriven" time="36.950" errors="0" timestamp="2023-04-09T02:45:06 IST" skipped="0">
  <testcase classname="com.waitlist.testCases.TC_LoginTest_002_DataDriven" name="loginDDT" time="16.891"/>
  <system-out/>
  <testcase classname="com.waitlist.testCases.TC_LoginTest_002_DataDriven" name="loginDDT" time="9.667"/>
  <system-out/>
  <testcase classname="com.waitlist.testCases.TC_LoginTest_002_DataDriven" name="loginDDT" time="10.392"/>
  <system-out/>
</testsuite> <!-- com.waitlist.testCases.TC_LoginTest_002_DataDriven -->
