<?xml version="1.0" encoding="UTF-8"?>
<!-- Generated by org.testng.reporters.JUnitReportReporter -->
<testsuite hostname="WLAP-93" failures="0" tests="1" name="com.waitlist.testCases.TC_LoginTest_001" time="15.687" errors="0" timestamp="2023-04-08T23:29:42 IST" skipped="0">
  <testcase classname="com.waitlist.testCases.TC_LoginTest_001" name="loginTest" time="15.687"/>
  <system-out/>
</testsuite> <!-- com.waitlist.testCases.TC_LoginTest_001 -->
